<!DOCTYPE html PUBLIC "-//W3C//DTD XHTML 1.1//EN" "https://www.w3.org/TR/xhtml11/DTD/xhtml11.dtd">
<html xmlns="https://www.w3.org/1999/xhtml">
<head>
<meta http-equiv="content-type" content="text/html; charset=UTF-8"/>
<title>TestNG Report</title>
<style type="text/css">table {margin-bottom:10px;border-collapse:collapse;empty-cells:show}th,td {border:1px solid #009;padding:.25em .5em}th {vertical-align:bottom}td {vertical-align:top}table a {font-weight:bold}.stripe td {background-color: #E6EBF9}.num {text-align:right}.passedodd td {background-color: #3F3}.passedeven td {background-color: #0A0}.skippedodd td {background-color: #DDD}.skippedeven td {background-color: #CCC}.failedodd td,.attn {background-color: #F33}.failedeven td,.stripe .attn {background-color: #D00}.stacktrace {white-space:pre;font-family:monospace}.totop {font-size:85%;text-align:center;border-bottom:2px solid #000}.invisible {display:none}</style>
</head>
<body>
<table>
<tr><th>Test</th><th># Passed</th><th># Skipped</th><th># Retried</th><th># Failed</th><th>Time (ms)</th><th>Included Groups</th><th>Excluded Groups</th></tr>
<tr><th colspan="8">Suite</th></tr>
<tr><td><a href="#t0">AssertionTesting</a></td><td class="num">2</td><td class="num">0</td><td class="num">0</td><td class="num attn">1</td><td class="num">19,149</td><td></td><td></td></tr>
<tr class="stripe"><td><a href="#t1">PDFRederTesting</a></td><td class="num">1</td><td class="num">0</td><td class="num">0</td><td class="num">0</td><td class="num">2,312</td><td></td><td></td></tr>
<tr><td><a href="#t2">DataProviderTesting</a></td><td class="num">4</td><td class="num">0</td><td class="num">0</td><td class="num">0</td><td class="num">26</td><td></td><td></td></tr>
<tr class="stripe"><td><a href="#t3">DataProviderTesting2</a></td><td class="num">1</td><td class="num">0</td><td class="num">0</td><td class="num attn">2</td><td class="num">56,523</td><td></td><td></td></tr>
<tr><td><a href="#t4">ExamplesTesting</a></td><td class="num">1</td><td class="num">0</td><td class="num">0</td><td class="num">0</td><td class="num">5,307</td><td></td><td></td></tr>
<tr class="stripe"><td><a href="#t5">ExamplesTesting2</a></td><td class="num">0</td><td class="num">0</td><td class="num">0</td><td class="num">0</td><td class="num">5</td><td></td><td></td></tr>
<tr><th>Total</th><th class="num">9</th><th class="num">0</th><th class="num">0</th><th class="num attn">3</th><th class="num">83,322</th><th colspan="2"></th></tr>
</table>
<table id='summary'><thead><tr><th>Class</th><th>Method</th><th>Start</th><th>Time (ms)</th></tr></thead><tbody><tr><th colspan="4">Suite</th></tr></tbody><tbody id="t0"><tr><th colspan="4">AssertionTesting &#8212; failed</th></tr><tr class="failedeven"><td rowspan="1">assertMethodImplementation.Assertion</td><td><a href="#m0">title</a></td><td rowspan="1">1651595834087</td><td rowspan="1">1507</td></tr><tr><th colspan="4">AssertionTesting &#8212; passed</th></tr><tr class="passedeven"><td rowspan="2">assertMethodImplementation.Assertion</td><td><a href="#m1">testHardAssert</a></td><td rowspan="1">1651595821031</td><td rowspan="1">4623</td></tr><tr class="passedeven"><td><a href="#m2">testSoftAssert</a></td><td rowspan="1">1651595828302</td><td rowspan="1">3565</td></tr></tbody>
<tbody id="t1"><tr><th colspan="4">PDFRederTesting &#8212; passed</th></tr><tr class="passedeven"><td rowspan="1">com.pdf.reader.PDFReader</td><td><a href="#m3">ReadPDFFile</a></td><td rowspan="1">1651595836371</td><td rowspan="1">2303</td></tr></tbody>
<tbody id="t2"><tr><th colspan="4">DataProviderTesting &#8212; passed</th></tr><tr class="passedeven"><td rowspan="4">DataProvider.DataProviderInteger</td><td><a href="#m4">Testlogin</a></td><td rowspan="4">1651595838717</td><td rowspan="4">1</td></tr><tr class="passedeven"><td><a href="#m5">Testlogin</a></td></tr><tr class="passedeven"><td><a href="#m6">Testlogin</a></td></tr><tr class="passedeven"><td><a href="#m7">Testlogin</a></td></tr></tbody>
<tbody id="t3"><tr><th colspan="4">DataProviderTesting2 &#8212; failed</th></tr><tr class="failedeven"><td rowspan="2">DataProvider.TestDataProviders</td><td><a href="#m8">goToFacebook</a></td><td rowspan="2">1651595849713</td><td rowspan="2">31647</td></tr><tr class="failedeven"><td><a href="#m9">goToFacebook</a></td></tr><tr><th colspan="4">DataProviderTesting2 &#8212; passed</th></tr><tr class="passedeven"><td rowspan="1">DataProvider.TestDataProviders</td><td><a href="#m10">goToFacebook</a></td><td rowspan="1">1651595840587</td><td rowspan="1">6575</td></tr></tbody>
<tbody id="t4"><tr><th colspan="4">ExamplesTesting &#8212; passed</th></tr><tr class="passedeven"><td rowspan="1">example.com.Alert</td><td><a href="#m11">AlertBox</a></td><td rowspan="1">1651595895294</td><td rowspan="1">5295</td></tr></tbody>
<tbody id="t5"><tr><th colspan="4" class="invisible"/></tr></tbody>
</table>
<h2>AssertionTesting</h2><h3 id="m0">assertMethodImplementation.Assertion#title</h3><table class="result"><tr><th>Exception</th></tr><tr><td><div class="stacktrace">java.lang.AssertionError: expected [Google] but found [1Google]
	at assertMethodImplementation.Assertion.title(Assertion.java:82)
	at java.base/java.util.ArrayList.forEach(ArrayList.java:1541)
... Removed 33 stack frames</div></td></tr></table><p class="totop"><a href="#summary">back to summary</a></p>
<h3 id="m1">assertMethodImplementation.Assertion#testHardAssert</h3><table class="result"><tr><th class="invisible"/></tr></table><p class="totop"><a href="#summary">back to summary</a></p>
<h3 id="m2">assertMethodImplementation.Assertion#testSoftAssert</h3><table class="result"><tr><th class="invisible"/></tr></table><p class="totop"><a href="#summary">back to summary</a></p>
<h2>PDFRederTesting</h2><h3 id="m3">com.pdf.reader.PDFReader#ReadPDFFile</h3><table class="result"><tr><th class="invisible"/></tr></table><p class="totop"><a href="#summary">back to summary</a></p>
<h2>DataProviderTesting</h2><h3 id="m4">DataProvider.DataProviderInteger#Testlogin</h3><table class="result"><tr class="param"><th>Parameter #1</th></tr><tr class="param stripe"><td>Durgesh</td></tr></table><p class="totop"><a href="#summary">back to summary</a></p>
<h3 id="m5">DataProvider.DataProviderInteger#Testlogin</h3><table class="result"><tr class="param"><th>Parameter #1</th></tr><tr class="param stripe"><td>@Durgesh12</td></tr></table><p class="totop"><a href="#summary">back to summary</a></p>
<h3 id="m6">DataProvider.DataProviderInteger#Testlogin</h3><table class="result"><tr class="param"><th>Parameter #1</th></tr><tr class="param stripe"><td>2</td></tr></table><p class="totop"><a href="#summary">back to summary</a></p>
<h3 id="m7">DataProvider.DataProviderInteger#Testlogin</h3><table class="result"><tr class="param"><th>Parameter #1</th></tr><tr class="param stripe"><td>1</td></tr></table><p class="totop"><a href="#summary">back to summary</a></p>
<h2>DataProviderTesting2</h2><h3 id="m8">DataProvider.TestDataProviders#goToFacebook</h3><table class="result"><tr class="param"><th>Parameter #1</th><th>Parameter #2</th><th>Parameter #3</th></tr><tr class="param stripe"><td>Wrongusernameandpassword</td><td>durgeshyaduvanshi@gmail.com</td><td>@durgesh21TE@W</td></tr><tr><th colspan="3">Exception</th></tr><tr><td colspan="3"><div class="stacktrace">org.openqa.selenium.NoSuchElementException: no such element: Unable to locate element: {&quot;method&quot;:&quot;xpath&quot;,&quot;selector&quot;:&quot;/html/body/div[1]/div[2]/div[1]/div/div[2]/div[2]/form/div[1]/div[2]&quot;}
  (Session info: chrome=100.0.4896.127)
For documentation on this error, please visit: https://selenium.dev/exceptions/#no_such_element
Build info: version: &apos;4.1.3&apos;, revision: &apos;7b1ebf28ef&apos;
System info: host: &apos;DESKTOP-RECRUSN&apos;, ip: &apos;192.168.31.248&apos;, os.name: &apos;Windows 10&apos;, os.arch: &apos;amd64&apos;, os.version: &apos;10.0&apos;, java.version: &apos;11.0.12&apos;
Driver info: org.openqa.selenium.chrome.ChromeDriver
Command: [f510f59766ccc0d3abe5f527f56f7513, findElement {using=xpath, value=/html/body/div[1]/div[2]/div[1]/div/div[2]/div[2]/form/div[1]/div[2]}]
Capabilities {acceptInsecureCerts: false, browserName: chrome, browserVersion: 100.0.4896.127, chrome: {chromedriverVersion: 100.0.4896.60 (6a5d10861ce8..., userDataDir: C:\Users\Durgesh Y\AppData\...}, goog:chromeOptions: {debuggerAddress: localhost:52665}, javascriptEnabled: true, networkConnectionEnabled: false, pageLoadStrategy: normal, platform: WINDOWS, platformName: WINDOWS, proxy: Proxy(), se:cdp: ws://localhost:52665/devtoo..., se:cdpVersion: 100.0.4896.127, setWindowRect: true, strictFileInteractability: false, timeouts: {implicit: 0, pageLoad: 300000, script: 30000}, unhandledPromptBehavior: dismiss and notify, webauthn:extension:credBlob: true, webauthn:extension:largeBlob: true, webauthn:virtualAuthenticators: true}
Session ID: f510f59766ccc0d3abe5f527f56f7513
	at org.openqa.selenium.remote.codec.w3c.W3CHttpResponseCodec.createException(W3CHttpResponseCodec.java:200)
	at org.openqa.selenium.remote.codec.w3c.W3CHttpResponseCodec.decode(W3CHttpResponseCodec.java:133)
	at org.openqa.selenium.remote.codec.w3c.W3CHttpResponseCodec.decode(W3CHttpResponseCodec.java:53)
	at org.openqa.selenium.remote.HttpCommandExecutor.execute(HttpCommandExecutor.java:184)
	at org.openqa.selenium.remote.service.DriverCommandExecutor.invokeExecute(DriverCommandExecutor.java:167)
	at org.openqa.selenium.remote.service.DriverCommandExecutor.execute(DriverCommandExecutor.java:142)
	at org.openqa.selenium.remote.RemoteWebDriver.execute(RemoteWebDriver.java:567)
	at org.openqa.selenium.remote.ElementLocation$ElementFinder$2.findElement(ElementLocation.java:162)
	at org.openqa.selenium.remote.ElementLocation.findElement(ElementLocation.java:60)
	at org.openqa.selenium.remote.RemoteWebDriver.findElement(RemoteWebDriver.java:385)
	at org.openqa.selenium.remote.RemoteWebDriver.findElement(RemoteWebDriver.java:377)
	at DataProvider.TestDataProviders.goToFacebook(TestDataProviders.java:64)
	at java.base/java.util.ArrayList.forEach(ArrayList.java:1541)
... Removed 31 stack frames</div></td></tr></table><p class="totop"><a href="#summary">back to summary</a></p>
<h3 id="m9">DataProvider.TestDataProviders#goToFacebook</h3><table class="result"><tr class="param"><th>Parameter #1</th><th>Parameter #2</th><th>Parameter #3</th></tr><tr class="param stripe"><td>currectusername</td><td>durgeshyaduvanshi96@gmail.com</td><td>@durgesh21TE@W</td></tr><tr><th colspan="3">Exception</th></tr><tr><td colspan="3"><div class="stacktrace">java.lang.AssertionError: expected [The password that you&apos;ve entered is incorrect.] but found [The password that you&apos;ve entered is incorrect. Forgotten password?]
	at DataProvider.TestDataProviders.goToFacebook(TestDataProviders.java:73)
	at java.base/java.util.ArrayList.forEach(ArrayList.java:1541)
... Removed 33 stack frames</div></td></tr></table><p class="totop"><a href="#summary">back to summary</a></p>
<h3 id="m10">DataProvider.TestDataProviders#goToFacebook</h3><table class="result"><tr class="param"><th>Parameter #1</th><th>Parameter #2</th><th>Parameter #3</th></tr><tr class="param stripe"><td>correctusernameandpassword</td><td>durgeshyaduvanshi96@gmail.com</td><td>@durgesh21TE@WB</td></tr></table><p class="totop"><a href="#summary">back to summary</a></p>
<h2>ExamplesTesting</h2><h3 id="m11">example.com.Alert#AlertBox</h3><table class="result"><tr><th class="invisible"/></tr></table><p class="totop"><a href="#summary">back to summary</a></p>
<h2>ExamplesTesting2</h2></body>
</html>
