<?xml version="1.0" encoding="UTF-8"?>
<testng-results ignored="0" total="12" passed="9" failed="3" skipped="0">
  <reporter-output>
  </reporter-output>
  <suite started-at="2022-05-03T22:06:57 IST" name="Suite" finished-at="2022-05-03T22:08:20 IST" duration-ms="83430">
    <groups>
    </groups>
    <test started-at="2022-05-03T22:06:57 IST" name="AssertionTesting" finished-at="2022-05-03T22:07:16 IST" duration-ms="19149">
      <class name="assertMethodImplementation.Assertion">
        <test-method is-config="true" signature="invokeBrowser()[pri:0, instance:assertMethodImplementation.Assertion@54e1c68b]" started-at="2022-05-03T22:06:57 IST" name="invokeBrowser" finished-at="2022-05-03T22:07:01 IST" duration-ms="3812" status="PASS">
          <reporter-output>
          </reporter-output>
        </test-method> <!-- invokeBrowser -->
        <test-method signature="testHardAssert()[pri:0, instance:assertMethodImplementation.Assertion@54e1c68b]" started-at="2022-05-03T22:07:01 IST" name="testHardAssert" finished-at="2022-05-03T22:07:05 IST" duration-ms="4623" status="PASS">
          <reporter-output>
          </reporter-output>
        </test-method> <!-- testHardAssert -->
        <test-method is-config="true" signature="quitBrowser()[pri:0, instance:assertMethodImplementation.Assertion@54e1c68b]" started-at="2022-05-03T22:07:05 IST" name="quitBrowser" finished-at="2022-05-03T22:07:06 IST" duration-ms="824" status="PASS">
          <reporter-output>
          </reporter-output>
        </test-method> <!-- quitBrowser -->
        <test-method is-config="true" signature="invokeBrowser()[pri:0, instance:assertMethodImplementation.Assertion@54e1c68b]" started-at="2022-05-03T22:07:06 IST" name="invokeBrowser" finished-at="2022-05-03T22:07:08 IST" duration-ms="1818" status="PASS">
          <reporter-output>
          </reporter-output>
        </test-method> <!-- invokeBrowser -->
        <test-method signature="testSoftAssert()[pri:0, instance:assertMethodImplementation.Assertion@54e1c68b]" started-at="2022-05-03T22:07:08 IST" name="testSoftAssert" finished-at="2022-05-03T22:07:11 IST" duration-ms="3565" status="PASS">
          <reporter-output>
          </reporter-output>
        </test-method> <!-- testSoftAssert -->
        <test-method is-config="true" signature="quitBrowser()[pri:0, instance:assertMethodImplementation.Assertion@54e1c68b]" started-at="2022-05-03T22:07:11 IST" name="quitBrowser" finished-at="2022-05-03T22:07:12 IST" duration-ms="808" status="PASS">
          <reporter-output>
          </reporter-output>
        </test-method> <!-- quitBrowser -->
        <test-method is-config="true" signature="invokeBrowser()[pri:0, instance:assertMethodImplementation.Assertion@54e1c68b]" started-at="2022-05-03T22:07:12 IST" name="invokeBrowser" finished-at="2022-05-03T22:07:14 IST" duration-ms="1410" status="PASS">
          <reporter-output>
          </reporter-output>
        </test-method> <!-- invokeBrowser -->
        <test-method signature="title()[pri:0, instance:assertMethodImplementation.Assertion@54e1c68b]" started-at="2022-05-03T22:07:14 IST" name="title" finished-at="2022-05-03T22:07:15 IST" duration-ms="1507" status="FAIL">
          <exception class="java.lang.AssertionError">
            <message>
              <![CDATA[expected [Google] but found [1Google]]]>
            </message>
            <full-stacktrace>
              <![CDATA[java.lang.AssertionError: expected [Google] but found [1Google]
at org.testng.Assert.fail(Assert.java:110)
at org.testng.Assert.failNotEquals(Assert.java:1413)
at org.testng.Assert.assertEqualsImpl(Assert.java:149)
at org.testng.Assert.assertEquals(Assert.java:131)
at org.testng.Assert.assertEquals(Assert.java:655)
at org.testng.Assert.assertEquals(Assert.java:665)
at assertMethodImplementation.Assertion.title(Assertion.java:82)
at java.base/jdk.internal.reflect.NativeMethodAccessorImpl.invoke0(Native Method)
at java.base/jdk.internal.reflect.NativeMethodAccessorImpl.invoke(NativeMethodAccessorImpl.java:62)
at java.base/jdk.internal.reflect.DelegatingMethodAccessorImpl.invoke(DelegatingMethodAccessorImpl.java:43)
at java.base/java.lang.reflect.Method.invoke(Method.java:566)
at org.testng.internal.invokers.MethodInvocationHelper.invokeMethod(MethodInvocationHelper.java:135)
at org.testng.internal.invokers.TestInvoker.invokeMethod(TestInvoker.java:673)
at org.testng.internal.invokers.TestInvoker.invokeTestMethod(TestInvoker.java:220)
at org.testng.internal.invokers.MethodRunner.runInSequence(MethodRunner.java:50)
at org.testng.internal.invokers.TestInvoker$MethodInvocationAgent.invoke(TestInvoker.java:945)
at org.testng.internal.invokers.TestInvoker.invokeTestMethods(TestInvoker.java:193)
at org.testng.internal.invokers.TestMethodWorker.invokeTestMethods(TestMethodWorker.java:146)
at org.testng.internal.invokers.TestMethodWorker.run(TestMethodWorker.java:128)
at java.base/java.util.ArrayList.forEach(ArrayList.java:1541)
at org.testng.TestRunner.privateRun(TestRunner.java:808)
at org.testng.TestRunner.run(TestRunner.java:603)
at org.testng.SuiteRunner.runTest(SuiteRunner.java:429)
at org.testng.SuiteRunner.runSequentially(SuiteRunner.java:423)
at org.testng.SuiteRunner.privateRun(SuiteRunner.java:383)
at org.testng.SuiteRunner.run(SuiteRunner.java:326)
at org.testng.SuiteRunnerWorker.runSuite(SuiteRunnerWorker.java:52)
at org.testng.SuiteRunnerWorker.run(SuiteRunnerWorker.java:95)
at org.testng.TestNG.runSuitesSequentially(TestNG.java:1249)
at org.testng.TestNG.runSuitesLocally(TestNG.java:1169)
at org.testng.TestNG.runSuites(TestNG.java:1092)
at org.testng.TestNG.run(TestNG.java:1060)
at org.testng.remote.AbstractRemoteTestNG.run(AbstractRemoteTestNG.java:115)
at org.testng.remote.RemoteTestNG.initAndRun(RemoteTestNG.java:251)
at org.testng.remote.RemoteTestNG.main(RemoteTestNG.java:77)
]]>
            </full-stacktrace>
          </exception> <!-- java.lang.AssertionError -->
          <reporter-output>
          </reporter-output>
        </test-method> <!-- title -->
        <test-method is-config="true" signature="quitBrowser()[pri:0, instance:assertMethodImplementation.Assertion@54e1c68b]" started-at="2022-05-03T22:07:15 IST" name="quitBrowser" finished-at="2022-05-03T22:07:16 IST" duration-ms="728" status="PASS">
          <reporter-output>
          </reporter-output>
        </test-method> <!-- quitBrowser -->
      </class> <!-- assertMethodImplementation.Assertion -->
    </test> <!-- AssertionTesting -->
    <test started-at="2022-05-03T22:07:16 IST" name="PDFRederTesting" finished-at="2022-05-03T22:07:18 IST" duration-ms="2312">
      <class name="com.pdf.reader.PDFReader">
        <test-method signature="ReadPDFFile()[pri:0, instance:com.pdf.reader.PDFReader@2034b64c]" started-at="2022-05-03T22:07:16 IST" name="ReadPDFFile" finished-at="2022-05-03T22:07:18 IST" duration-ms="2303" status="PASS">
          <reporter-output>
          </reporter-output>
        </test-method> <!-- ReadPDFFile -->
      </class> <!-- com.pdf.reader.PDFReader -->
    </test> <!-- PDFRederTesting -->
    <test started-at="2022-05-03T22:07:18 IST" name="DataProviderTesting" finished-at="2022-05-03T22:07:18 IST" duration-ms="26">
      <class name="DataProvider.DataProviderInteger">
        <test-method signature="Testlogin(java.lang.Object)[pri:0, instance:DataProvider.DataProviderInteger@15043a2f]" started-at="2022-05-03T22:07:18 IST" name="Testlogin" data-provider="dp1" finished-at="2022-05-03T22:07:18 IST" duration-ms="3" status="PASS">
          <params>
            <param index="0">
              <value>
                <![CDATA[1]]>
              </value>
            </param>
          </params>
          <reporter-output>
          </reporter-output>
        </test-method> <!-- Testlogin -->
        <test-method signature="Testlogin(java.lang.Object)[pri:0, instance:DataProvider.DataProviderInteger@15043a2f]" started-at="2022-05-03T22:07:18 IST" name="Testlogin" data-provider="dp1" finished-at="2022-05-03T22:07:18 IST" duration-ms="1" status="PASS">
          <params>
            <param index="0">
              <value>
                <![CDATA[Durgesh]]>
              </value>
            </param>
          </params>
          <reporter-output>
          </reporter-output>
        </test-method> <!-- Testlogin -->
        <test-method signature="Testlogin(java.lang.Object)[pri:0, instance:DataProvider.DataProviderInteger@15043a2f]" started-at="2022-05-03T22:07:18 IST" name="Testlogin" data-provider="dp1" finished-at="2022-05-03T22:07:18 IST" duration-ms="1" status="PASS">
          <params>
            <param index="0">
              <value>
                <![CDATA[@Durgesh12]]>
              </value>
            </param>
          </params>
          <reporter-output>
          </reporter-output>
        </test-method> <!-- Testlogin -->
        <test-method signature="Testlogin(java.lang.Object)[pri:0, instance:DataProvider.DataProviderInteger@15043a2f]" started-at="2022-05-03T22:07:18 IST" name="Testlogin" data-provider="dp1" finished-at="2022-05-03T22:07:18 IST" duration-ms="1" status="PASS">
          <params>
            <param index="0">
              <value>
                <![CDATA[2]]>
              </value>
            </param>
          </params>
          <reporter-output>
          </reporter-output>
        </test-method> <!-- Testlogin -->
      </class> <!-- DataProvider.DataProviderInteger -->
    </test> <!-- DataProviderTesting -->
    <test started-at="2022-05-03T22:07:18 IST" name="DataProviderTesting2" finished-at="2022-05-03T22:08:15 IST" duration-ms="56523">
      <class name="DataProvider.TestDataProviders">
        <test-method is-config="true" signature="invokeBrowser()[pri:0, instance:DataProvider.TestDataProviders@2d901eb0]" started-at="2022-05-03T22:07:18 IST" name="invokeBrowser" finished-at="2022-05-03T22:07:20 IST" duration-ms="1850" status="PASS">
          <reporter-output>
          </reporter-output>
        </test-method> <!-- invokeBrowser -->
        <test-method signature="goToFacebook(java.lang.String,java.lang.String,java.lang.String)[pri:0, instance:DataProvider.TestDataProviders@2d901eb0]" started-at="2022-05-03T22:07:20 IST" name="goToFacebook" data-provider="dataProvider" finished-at="2022-05-03T22:07:27 IST" duration-ms="6575" status="PASS">
          <params>
            <param index="0">
              <value>
                <![CDATA[correctusernameandpassword]]>
              </value>
            </param>
            <param index="1">
              <value>
                <![CDATA[durgeshyaduvanshi96@gmail.com]]>
              </value>
            </param>
            <param index="2">
              <value>
                <![CDATA[@durgesh21TE@WB]]>
              </value>
            </param>
          </params>
          <reporter-output>
          </reporter-output>
        </test-method> <!-- goToFacebook -->
        <test-method is-config="true" signature="CloseBrowser()[pri:0, instance:DataProvider.TestDataProviders@2d901eb0]" started-at="2022-05-03T22:07:27 IST" name="CloseBrowser" finished-at="2022-05-03T22:07:27 IST" duration-ms="344" status="PASS">
          <reporter-output>
          </reporter-output>
        </test-method> <!-- CloseBrowser -->
        <test-method is-config="true" signature="invokeBrowser()[pri:0, instance:DataProvider.TestDataProviders@2d901eb0]" started-at="2022-05-03T22:07:27 IST" name="invokeBrowser" finished-at="2022-05-03T22:07:29 IST" duration-ms="2204" status="PASS">
          <reporter-output>
          </reporter-output>
        </test-method> <!-- invokeBrowser -->
        <test-method signature="goToFacebook(java.lang.String,java.lang.String,java.lang.String)[pri:0, instance:DataProvider.TestDataProviders@2d901eb0]" started-at="2022-05-03T22:07:29 IST" name="goToFacebook" data-provider="dataProvider" finished-at="2022-05-03T22:08:01 IST" duration-ms="31647" status="FAIL">
          <params>
            <param index="0">
              <value>
                <![CDATA[Wrongusernameandpassword]]>
              </value>
            </param>
            <param index="1">
              <value>
                <![CDATA[durgeshyaduvanshi@gmail.com]]>
              </value>
            </param>
            <param index="2">
              <value>
                <![CDATA[@durgesh21TE@W]]>
              </value>
            </param>
          </params>
          <exception class="org.openqa.selenium.NoSuchElementException">
            <message>
              <![CDATA[no such element: Unable to locate element: {"method":"xpath","selector":"/html/body/div[1]/div[2]/div[1]/div/div[2]/div[2]/form/div[1]/div[2]"}
  (Session info: chrome=100.0.4896.127)
For documentation on this error, please visit: https://selenium.dev/exceptions/#no_such_element
Build info: version: '4.1.3', revision: '7b1ebf28ef'
System info: host: 'DESKTOP-RECRUSN', ip: '192.168.31.248', os.name: 'Windows 10', os.arch: 'amd64', os.version: '10.0', java.version: '11.0.12'
Driver info: org.openqa.selenium.chrome.ChromeDriver
Command: [f510f59766ccc0d3abe5f527f56f7513, findElement {using=xpath, value=/html/body/div[1]/div[2]/div[1]/div/div[2]/div[2]/form/div[1]/div[2]}]
Capabilities {acceptInsecureCerts: false, browserName: chrome, browserVersion: 100.0.4896.127, chrome: {chromedriverVersion: 100.0.4896.60 (6a5d10861ce8..., userDataDir: C:\Users\Durgesh Y\AppData\...}, goog:chromeOptions: {debuggerAddress: localhost:52665}, javascriptEnabled: true, networkConnectionEnabled: false, pageLoadStrategy: normal, platform: WINDOWS, platformName: WINDOWS, proxy: Proxy(), se:cdp: ws://localhost:52665/devtoo..., se:cdpVersion: 100.0.4896.127, setWindowRect: true, strictFileInteractability: false, timeouts: {implicit: 0, pageLoad: 300000, script: 30000}, unhandledPromptBehavior: dismiss and notify, webauthn:extension:credBlob: true, webauthn:extension:largeBlob: true, webauthn:virtualAuthenticators: true}
Session ID: f510f59766ccc0d3abe5f527f56f7513]]>
            </message>
            <full-stacktrace>
              <![CDATA[org.openqa.selenium.NoSuchElementException: no such element: Unable to locate element: {"method":"xpath","selector":"/html/body/div[1]/div[2]/div[1]/div/div[2]/div[2]/form/div[1]/div[2]"}
  (Session info: chrome=100.0.4896.127)
For documentation on this error, please visit: https://selenium.dev/exceptions/#no_such_element
Build info: version: '4.1.3', revision: '7b1ebf28ef'
System info: host: 'DESKTOP-RECRUSN', ip: '192.168.31.248', os.name: 'Windows 10', os.arch: 'amd64', os.version: '10.0', java.version: '11.0.12'
Driver info: org.openqa.selenium.chrome.ChromeDriver
Command: [f510f59766ccc0d3abe5f527f56f7513, findElement {using=xpath, value=/html/body/div[1]/div[2]/div[1]/div/div[2]/div[2]/form/div[1]/div[2]}]
Capabilities {acceptInsecureCerts: false, browserName: chrome, browserVersion: 100.0.4896.127, chrome: {chromedriverVersion: 100.0.4896.60 (6a5d10861ce8..., userDataDir: C:\Users\Durgesh Y\AppData\...}, goog:chromeOptions: {debuggerAddress: localhost:52665}, javascriptEnabled: true, networkConnectionEnabled: false, pageLoadStrategy: normal, platform: WINDOWS, platformName: WINDOWS, proxy: Proxy(), se:cdp: ws://localhost:52665/devtoo..., se:cdpVersion: 100.0.4896.127, setWindowRect: true, strictFileInteractability: false, timeouts: {implicit: 0, pageLoad: 300000, script: 30000}, unhandledPromptBehavior: dismiss and notify, webauthn:extension:credBlob: true, webauthn:extension:largeBlob: true, webauthn:virtualAuthenticators: true}
Session ID: f510f59766ccc0d3abe5f527f56f7513
at java.base/jdk.internal.reflect.NativeConstructorAccessorImpl.newInstance0(Native Method)
at java.base/jdk.internal.reflect.NativeConstructorAccessorImpl.newInstance(NativeConstructorAccessorImpl.java:62)
at java.base/jdk.internal.reflect.DelegatingConstructorAccessorImpl.newInstance(DelegatingConstructorAccessorImpl.java:45)
at java.base/java.lang.reflect.Constructor.newInstance(Constructor.java:490)
at org.openqa.selenium.remote.codec.w3c.W3CHttpResponseCodec.createException(W3CHttpResponseCodec.java:200)
at org.openqa.selenium.remote.codec.w3c.W3CHttpResponseCodec.decode(W3CHttpResponseCodec.java:133)
at org.openqa.selenium.remote.codec.w3c.W3CHttpResponseCodec.decode(W3CHttpResponseCodec.java:53)
at org.openqa.selenium.remote.HttpCommandExecutor.execute(HttpCommandExecutor.java:184)
at org.openqa.selenium.remote.service.DriverCommandExecutor.invokeExecute(DriverCommandExecutor.java:167)
at org.openqa.selenium.remote.service.DriverCommandExecutor.execute(DriverCommandExecutor.java:142)
at org.openqa.selenium.remote.RemoteWebDriver.execute(RemoteWebDriver.java:567)
at org.openqa.selenium.remote.ElementLocation$ElementFinder$2.findElement(ElementLocation.java:162)
at org.openqa.selenium.remote.ElementLocation.findElement(ElementLocation.java:60)
at org.openqa.selenium.remote.RemoteWebDriver.findElement(RemoteWebDriver.java:385)
at org.openqa.selenium.remote.RemoteWebDriver.findElement(RemoteWebDriver.java:377)
at DataProvider.TestDataProviders.goToFacebook(TestDataProviders.java:64)
at java.base/jdk.internal.reflect.NativeMethodAccessorImpl.invoke0(Native Method)
at java.base/jdk.internal.reflect.NativeMethodAccessorImpl.invoke(NativeMethodAccessorImpl.java:62)
at java.base/jdk.internal.reflect.DelegatingMethodAccessorImpl.invoke(DelegatingMethodAccessorImpl.java:43)
at java.base/java.lang.reflect.Method.invoke(Method.java:566)
at org.testng.internal.invokers.MethodInvocationHelper.invokeMethod(MethodInvocationHelper.java:135)
at org.testng.internal.invokers.TestInvoker.invokeMethod(TestInvoker.java:673)
at org.testng.internal.invokers.TestInvoker.invokeTestMethod(TestInvoker.java:220)
at org.testng.internal.invokers.MethodRunner.runInSequence(MethodRunner.java:50)
at org.testng.internal.invokers.TestInvoker$MethodInvocationAgent.invoke(TestInvoker.java:945)
at org.testng.internal.invokers.TestInvoker.invokeTestMethods(TestInvoker.java:193)
at org.testng.internal.invokers.TestMethodWorker.invokeTestMethods(TestMethodWorker.java:146)
at org.testng.internal.invokers.TestMethodWorker.run(TestMethodWorker.java:128)
at java.base/java.util.ArrayList.forEach(ArrayList.java:1541)
at org.testng.TestRunner.privateRun(TestRunner.java:808)
at org.testng.TestRunner.run(TestRunner.java:603)
at org.testng.SuiteRunner.runTest(SuiteRunner.java:429)
at org.testng.SuiteRunner.runSequentially(SuiteRunner.java:423)
at org.testng.SuiteRunner.privateRun(SuiteRunner.java:383)
at org.testng.SuiteRunner.run(SuiteRunner.java:326)
at org.testng.SuiteRunnerWorker.runSuite(SuiteRunnerWorker.java:52)
at org.testng.SuiteRunnerWorker.run(SuiteRunnerWorker.java:95)
at org.testng.TestNG.runSuitesSequentially(TestNG.java:1249)
at org.testng.TestNG.runSuitesLocally(TestNG.java:1169)
at org.testng.TestNG.runSuites(TestNG.java:1092)
at org.testng.TestNG.run(TestNG.java:1060)
at org.testng.remote.AbstractRemoteTestNG.run(AbstractRemoteTestNG.java:115)
at org.testng.remote.RemoteTestNG.initAndRun(RemoteTestNG.java:251)
at org.testng.remote.RemoteTestNG.main(RemoteTestNG.java:77)
]]>
            </full-stacktrace>
          </exception> <!-- org.openqa.selenium.NoSuchElementException -->
          <reporter-output>
          </reporter-output>
        </test-method> <!-- goToFacebook -->
        <test-method is-config="true" signature="CloseBrowser()[pri:0, instance:DataProvider.TestDataProviders@2d901eb0]" started-at="2022-05-03T22:08:01 IST" name="CloseBrowser" finished-at="2022-05-03T22:08:01 IST" duration-ms="145" status="PASS">
          <reporter-output>
          </reporter-output>
        </test-method> <!-- CloseBrowser -->
        <test-method is-config="true" signature="invokeBrowser()[pri:0, instance:DataProvider.TestDataProviders@2d901eb0]" started-at="2022-05-03T22:08:01 IST" name="invokeBrowser" finished-at="2022-05-03T22:08:03 IST" duration-ms="1770" status="PASS">
          <reporter-output>
          </reporter-output>
        </test-method> <!-- invokeBrowser -->
        <test-method signature="goToFacebook(java.lang.String,java.lang.String,java.lang.String)[pri:0, instance:DataProvider.TestDataProviders@2d901eb0]" started-at="2022-05-03T22:08:03 IST" name="goToFacebook" data-provider="dataProvider" finished-at="2022-05-03T22:08:15 IST" duration-ms="11821" status="FAIL">
          <params>
            <param index="0">
              <value>
                <![CDATA[currectusername]]>
              </value>
            </param>
            <param index="1">
              <value>
                <![CDATA[durgeshyaduvanshi96@gmail.com]]>
              </value>
            </param>
            <param index="2">
              <value>
                <![CDATA[@durgesh21TE@W]]>
              </value>
            </param>
          </params>
          <exception class="java.lang.AssertionError">
            <message>
              <![CDATA[expected [The password that you've entered is incorrect.] but found [The password that you've entered is incorrect. Forgotten password?]]]>
            </message>
            <full-stacktrace>
              <![CDATA[java.lang.AssertionError: expected [The password that you've entered is incorrect.] but found [The password that you've entered is incorrect. Forgotten password?]
at org.testng.Assert.fail(Assert.java:110)
at org.testng.Assert.failNotEquals(Assert.java:1413)
at org.testng.Assert.assertEqualsImpl(Assert.java:149)
at org.testng.Assert.assertEquals(Assert.java:131)
at org.testng.Assert.assertEquals(Assert.java:655)
at org.testng.Assert.assertEquals(Assert.java:665)
at DataProvider.TestDataProviders.goToFacebook(TestDataProviders.java:73)
at java.base/jdk.internal.reflect.NativeMethodAccessorImpl.invoke0(Native Method)
at java.base/jdk.internal.reflect.NativeMethodAccessorImpl.invoke(NativeMethodAccessorImpl.java:62)
at java.base/jdk.internal.reflect.DelegatingMethodAccessorImpl.invoke(DelegatingMethodAccessorImpl.java:43)
at java.base/java.lang.reflect.Method.invoke(Method.java:566)
at org.testng.internal.invokers.MethodInvocationHelper.invokeMethod(MethodInvocationHelper.java:135)
at org.testng.internal.invokers.TestInvoker.invokeMethod(TestInvoker.java:673)
at org.testng.internal.invokers.TestInvoker.invokeTestMethod(TestInvoker.java:220)
at org.testng.internal.invokers.MethodRunner.runInSequence(MethodRunner.java:50)
at org.testng.internal.invokers.TestInvoker$MethodInvocationAgent.invoke(TestInvoker.java:945)
at org.testng.internal.invokers.TestInvoker.invokeTestMethods(TestInvoker.java:193)
at org.testng.internal.invokers.TestMethodWorker.invokeTestMethods(TestMethodWorker.java:146)
at org.testng.internal.invokers.TestMethodWorker.run(TestMethodWorker.java:128)
at java.base/java.util.ArrayList.forEach(ArrayList.java:1541)
at org.testng.TestRunner.privateRun(TestRunner.java:808)
at org.testng.TestRunner.run(TestRunner.java:603)
at org.testng.SuiteRunner.runTest(SuiteRunner.java:429)
at org.testng.SuiteRunner.runSequentially(SuiteRunner.java:423)
at org.testng.SuiteRunner.privateRun(SuiteRunner.java:383)
at org.testng.SuiteRunner.run(SuiteRunner.java:326)
at org.testng.SuiteRunnerWorker.runSuite(SuiteRunnerWorker.java:52)
at org.testng.SuiteRunnerWorker.run(SuiteRunnerWorker.java:95)
at org.testng.TestNG.runSuitesSequentially(TestNG.java:1249)
at org.testng.TestNG.runSuitesLocally(TestNG.java:1169)
at org.testng.TestNG.runSuites(TestNG.java:1092)
at org.testng.TestNG.run(TestNG.java:1060)
at org.testng.remote.AbstractRemoteTestNG.run(AbstractRemoteTestNG.java:115)
at org.testng.remote.RemoteTestNG.initAndRun(RemoteTestNG.java:251)
at org.testng.remote.RemoteTestNG.main(RemoteTestNG.java:77)
]]>
            </full-stacktrace>
          </exception> <!-- java.lang.AssertionError -->
          <reporter-output>
          </reporter-output>
        </test-method> <!-- goToFacebook -->
        <test-method is-config="true" signature="CloseBrowser()[pri:0, instance:DataProvider.TestDataProviders@2d901eb0]" started-at="2022-05-03T22:08:15 IST" name="CloseBrowser" finished-at="2022-05-03T22:08:15 IST" duration-ms="144" status="PASS">
          <reporter-output>
          </reporter-output>
        </test-method> <!-- CloseBrowser -->
      </class> <!-- DataProvider.TestDataProviders -->
    </test> <!-- DataProviderTesting2 -->
    <test started-at="2022-05-03T22:08:15 IST" name="ExamplesTesting" finished-at="2022-05-03T22:08:20 IST" duration-ms="5307">
      <class name="example.com.Alert">
        <test-method signature="AlertBox()[pri:0, instance:example.com.Alert@909217e]" started-at="2022-05-03T22:08:15 IST" name="AlertBox" finished-at="2022-05-03T22:08:20 IST" duration-ms="5295" status="PASS">
          <reporter-output>
          </reporter-output>
        </test-method> <!-- AlertBox -->
      </class> <!-- example.com.Alert -->
    </test> <!-- ExamplesTesting -->
    <test started-at="2022-05-03T22:08:20 IST" name="ExamplesTesting2" finished-at="2022-05-03T22:08:20 IST" duration-ms="5">
    </test> <!-- ExamplesTesting2 -->
  </suite> <!-- Suite -->
</testng-results>
